#! /usr/local/Cellar/icarus-verilog/0.9.7/bin/vvp
:ivl_version "0.9.7 " "(v0_9_7)";
:vpi_time_precision - 12;
:vpi_module "system";
:vpi_module "v2005_math";
:vpi_module "va_math";
S_0x7fe161405640 .scope module, "tester" "tester" 2 53;
 .timescale -9 -12;
v0x7fe1614168c0_0 .net "iAddresReadNWrite", 9 0, v0x7fe161416490_0; 1 drivers
v0x7fe1614169c0_0 .net "iAluDataEX", 7 0, v0x7fe161416510_0; 1 drivers
v0x7fe161416a40_0 .net "iControlAcum_EX", 2 0, v0x7fe161416590_0; 1 drivers
v0x7fe161416b00_0 .net "iDataWriteValue", 7 0, v0x7fe161416610_0; 1 drivers
v0x7fe161416b80_0 .net "iOutMemSelect", 1 0, v0x7fe1614166d0_0; 1 drivers
v0x7fe161416c40_0 .net "oControlAcum_MEM", 2 0, L_0x7fe161416dc0; 1 drivers
v0x7fe161416d00_0 .net "oDataToWB", 7 0, L_0x7fe161417050; 1 drivers
S_0x7fe1614163b0 .scope module, "test" "probador" 2 65, 2 8, S_0x7fe161405640;
 .timescale -9 -12;
v0x7fe161416490_0 .var "iAddresReadNWrite", 9 0;
v0x7fe161416510_0 .var "iAluDataEX", 7 0;
v0x7fe161416590_0 .var "iControlAcum_EX", 2 0;
v0x7fe161416610_0 .var "iDataWriteValue", 7 0;
v0x7fe1614166d0_0 .var "iOutMemSelect", 1 0;
v0x7fe161416780_0 .alias "oControlAcum_MEM", 2 0, v0x7fe161416c40_0;
v0x7fe161416800_0 .alias "oDataToWB", 7 0, v0x7fe161416d00_0;
S_0x7fe161405720 .scope module, "etapaMem" "mem" 2 67, 3 7, S_0x7fe161405640;
 .timescale -9 -12;
L_0x7fe161416dc0 .functor BUFZ 3, v0x7fe161416590_0, C4<000>, C4<000>, C4<000>;
v0x7fe161415e00_0 .net *"_s7", 0 0, L_0x7fe161416fc0; 1 drivers
v0x7fe161415e90_0 .alias "iAddresReadNWrite", 9 0, v0x7fe1614168c0_0;
v0x7fe161415f50_0 .alias "iAluDataEX", 7 0, v0x7fe1614169c0_0;
v0x7fe161415fd0_0 .alias "iControlAcum_EX", 2 0, v0x7fe161416a40_0;
v0x7fe161416050_0 .alias "iDataWriteValue", 7 0, v0x7fe161416b00_0;
v0x7fe161416100_0 .alias "iOutMemSelect", 1 0, v0x7fe161416b80_0;
v0x7fe161416180_0 .alias "oControlAcum_MEM", 2 0, v0x7fe161416c40_0;
v0x7fe161416240_0 .net "oDataRamRead", 7 0, v0x7fe161415d40_0; 1 drivers
v0x7fe1614162e0_0 .alias "oDataToWB", 7 0, v0x7fe161416d00_0;
L_0x7fe161416e20 .part v0x7fe1614166d0_0, 0, 1;
L_0x7fe161416eb0 .part v0x7fe1614166d0_0, 1, 1;
L_0x7fe161416fc0 .part v0x7fe1614166d0_0, 0, 1;
L_0x7fe161417050 .functor MUXZ 8, v0x7fe161416510_0, v0x7fe161415d40_0, L_0x7fe161416fc0, C4<>;
S_0x7fe161405800 .scope module, "DATA_MEM" "RAM_SINGLE_READ_PORT" 3 29, 4 8, S_0x7fe161405720;
 .timescale -9 -12;
P_0x7fe161405598 .param/l "ADDR_WIDTH" 4 8, +C4<01010>;
P_0x7fe1614055c0 .param/l "DATA_WIDTH" 4 8, +C4<01000>;
P_0x7fe1614055e8 .param/l "MEM_SIZE" 4 8, +C4<010000000000>;
v0x7fe1614059a0 .array "Ram", 0 1024, 7 0;
v0x7fe161405a30_0 .alias "iDataMemIn", 7 0, v0x7fe161416b00_0;
v0x7fe161415ac0_0 .alias "iReadDataAddress", 9 0, v0x7fe1614168c0_0;
v0x7fe161415b60_0 .alias "iWriteDataAddress", 9 0, v0x7fe1614168c0_0;
v0x7fe161415c00_0 .net "iWriteDataEnable", 0 0, L_0x7fe161416eb0; 1 drivers
v0x7fe161415cb0_0 .net "memEnable", 0 0, L_0x7fe161416e20; 1 drivers
v0x7fe161415d40_0 .var "oDataMemOut", 7 0;
E_0x7fe161405610 .event edge, v0x7fe161415c00_0;
    .scope S_0x7fe1614163b0;
T_0 ;
    %vpi_call 2 25 "$dumpfile", "pruebaMEM.vcd";
    %vpi_call 2 26 "$dumpvars";
    %movi 8, 15, 8;
    %set/v v0x7fe161416510_0, 8, 8;
    %set/v v0x7fe1614166d0_0, 1, 2;
    %movi 8, 1, 10;
    %set/v v0x7fe161416490_0, 8, 10;
    %movi 8, 7, 8;
    %set/v v0x7fe161416610_0, 8, 8;
    %delay 20000, 0;
    %movi 8, 20, 8;
    %set/v v0x7fe161416510_0, 8, 8;
    %movi 8, 1, 2;
    %set/v v0x7fe1614166d0_0, 8, 2;
    %movi 8, 1, 10;
    %set/v v0x7fe161416490_0, 8, 10;
    %set/v v0x7fe161416610_0, 0, 8;
    %delay 20000, 0;
    %vpi_call 2 44 "$finish";
    %end;
    .thread T_0;
    .scope S_0x7fe161405800;
T_1 ;
    %wait E_0x7fe161405610;
    %load/v 8, v0x7fe161415cb0_0, 1;
    %jmp/0xz  T_1.0, 8;
    %load/v 8, v0x7fe161415c00_0, 1;
    %jmp/0xz  T_1.2, 8;
    %load/v 8, v0x7fe161405a30_0, 8;
    %ix/getv 3, v0x7fe161415b60_0;
    %jmp/1 t_0, 4;
    %ix/load 0, 8, 0; word width
    %ix/load 1, 0, 0; part off
    %assign/av v0x7fe1614059a0, 0, 8;
t_0 ;
    %load/v 8, v0x7fe161415d40_0, 8;
    %ix/load 0, 8, 0;
    %assign/v0 v0x7fe161415d40_0, 0, 8;
    %jmp T_1.3;
T_1.2 ;
    %ix/getv 3, v0x7fe161415ac0_0;
    %load/av 8, v0x7fe1614059a0, 8;
    %ix/load 0, 8, 0;
    %assign/v0 v0x7fe161415d40_0, 0, 8;
T_1.3 ;
    %jmp T_1.1;
T_1.0 ;
    %load/v 8, v0x7fe161415d40_0, 8;
    %ix/load 0, 8, 0;
    %assign/v0 v0x7fe161415d40_0, 0, 8;
T_1.1 ;
    %jmp T_1;
    .thread T_1, $push;
# The file index is used to find the file name in the following table.
:file_names 5;
    "N/A";
    "<interactive>";
    "prueba_Mem.v";
    "./mem.v";
    "./ramDatos.v";
